<ns0:test-suite xmlns:ns0="urn:model.allure.qatools.yandex.ru" start="1538206054033" stop="1538206054424">
  <name>test01</name>
  <labels/>
  <test-cases>
    <test-case start="1538206054033" status="passed" stop="1538206054335">
      <name>Test01.test01</name>
      <attachments/>
      <labels>
        <label name="severity" value="normal"/>
        <label name="thread" value="1028-MainThread"/>
        <label name="host" value="SKY-20160204UMD"/>
        <label name="framework" value="pytest"/>
        <label name="language" value="cpython3"/>
      </labels>
      <steps>
        <step start="1538206054087" status="passed" stop="1538206054334">
          <name>执行学院新增操作</name>
          <title>执行学院新增操作</title>
          <attachments/>
          <steps/>
        </step>
      </steps>
    </test-case>
    <test-case start="1538206054337" status="passed" stop="1538206054341">
      <name>Test01.test02</name>
      <attachments/>
      <labels>
        <label name="severity" value="normal"/>
        <label name="thread" value="1028-MainThread"/>
        <label name="host" value="SKY-20160204UMD"/>
        <label name="framework" value="pytest"/>
        <label name="language" value="cpython3"/>
      </labels>
      <steps>
        <step start="1538206054340" status="passed" stop="1538206054340">
          <name>执行学院操作</name>
          <title>执行学院操作</title>
          <attachments>
            <attachment source="222450d3-f3b0-4fa9-9a4a-7182c53c6a4d-attachment.txt" title="断言开始" type="text/plain"/>
            <attachment source="17343cd5-f7ea-49c7-8f01-e22f121f92be-attachment.txt" title="断言结束" type="text/plain"/>
          </attachments>
          <steps/>
        </step>
      </steps>
    </test-case>
    <test-case start="1538206054351" status="failed" stop="1538206054424">
      <name>Test01.test03</name>
      <failure>
        <message>AssertionError: assert 0</message>
        <stack-trace>self = &lt;test01.Test01 object at 0x0000000003735080&gt;

    @pytest.allure.severity(pytest.allure.severity_level.CRITICAL)
    def test03(self):
        print("执行学院删除操作")
&gt;       assert 0
E       assert 0

Scripts\test01.py:20: AssertionError</stack-trace>
      </failure>
      <attachments/>
      <labels>
        <label name="severity" value="critical"/>
        <label name="thread" value="1028-MainThread"/>
        <label name="host" value="SKY-20160204UMD"/>
        <label name="framework" value="pytest"/>
        <label name="language" value="cpython3"/>
      </labels>
      <steps/>
    </test-case>
  </test-cases>
</ns0:test-suite>
